#
# There is insufficient memory for the Java Runtime Environment to continue.
# Native memory allocation (malloc) failed to allocate 329136 bytes for Chunk::new
# Possible reasons:
#   The system is out of physical RAM or swap space
#   The process is running with CompressedOops enabled, and the Java Heap may be blocking the growth of the native heap
# Possible solutions:
#   Reduce memory load on the system
#   Increase physical memory or swap space
#   Check if swap backing store is full
#   Decrease Java heap size (-Xmx/-Xms)
#   Decrease number of Java threads
#   Decrease Java thread stack sizes (-Xss)
#   Set larger code cache with -XX:ReservedCodeCacheSize=
#   JVM is running with Unscaled Compressed Oops mode in which the Java heap is
#     placed in the first 4GB address space. The Java Heap base address is the
#     maximum limit for the native heap growth. Please use -XX:HeapBaseMinAddress
#     to set the Java Heap base and to place the Java Heap above 4GB virtual address.
# This output file may be truncated or incomplete.
#
#  Out of Memory Error (./src/hotspot/share/memory/arena.cpp:197), pid=13472, tid=4164
#
# JRE version: OpenJDK Runtime Environment AdoptOpenJDK-11.0.11+9 (11.0.11+9) (build 11.0.11+9)
# Java VM: OpenJDK 64-Bit Server VM AdoptOpenJDK-11.0.11+9 (11.0.11+9, mixed mode, tiered, compressed oops, g1 gc, windows-amd64)
# No core dump will be written. Minidumps are not enabled by default on client versions of Windows
#

---------------  S U M M A R Y ------------

Command Line: -javaagent:C:\Users\maite\Downloads\SistemaHorarios\IntelliJ IDEA Community Edition 2020.3.2\lib\idea_rt.jar=61710:C:\Users\maite\Downloads\SistemaHorarios\IntelliJ IDEA Community Edition 2020.3.2\bin -Dfile.encoding=UTF-8 com.alkemy.pelicula.pelicula.PeliculaApplication

Host: AMD C-70 APU with Radeon(tm) HD Graphics, 2 cores, 3G,  Windows 10 , 64 bit Build 19041 (10.0.19041.1503)
Time: Fri Feb 18 12:25:34 2022 Hora estándar de Argentina elapsed time: 2888.004014 seconds (0d 0h 48m 8s)

---------------  T H R E A D  ---------------

Current thread (0x0000018fcddc5000):  JavaThread "C2 CompilerThread0" daemon [_thread_in_native, id=4164, stack(0x0000001b9a100000,0x0000001b9a200000)]


Current CompileTask:
C2:2888004 5665       4       java.util.concurrent.locks.AbstractQueuedSynchronizer$ConditionObject::awaitNanos (181 bytes)

Stack: [0x0000001b9a100000,0x0000001b9a200000]
Native frames: (J=compiled Java code, j=interpreted, Vv=VM code, C=native code)
V  [jvm.dll+0x5f7e5a]
V  [jvm.dll+0x77ff2e]
V  [jvm.dll+0x7815ff]
V  [jvm.dll+0x781cc3]
V  [jvm.dll+0x247408]
V  [jvm.dll+0xbe69c]
V  [jvm.dll+0xbed9c]
V  [jvm.dll+0x34cb47]
V  [jvm.dll+0x31a653]
V  [jvm.dll+0x31998a]
V  [jvm.dll+0x200d85]
V  [jvm.dll+0x1fff6f]
V  [jvm.dll+0x184f1c]
V  [jvm.dll+0x20f3e7]
V  [jvm.dll+0x20d5cb]
V  [jvm.dll+0x7442f9]
V  [jvm.dll+0x73d364]
V  [jvm.dll+0x5f6cd6]
C  [ucrtbase.dll+0x21bb2]
C  [KERNEL32.DLL+0x17034]
C  [ntdll.dll+0x52651]


---------------  P R O C E S S  ---------------

Threads class SMR info:
_java_thread_list=0x0000018fcf9e5f70, length=27, elements={
0x0000018fcdd61800, 0x0000018fcdd62800, 0x0000018fcddbc800, 0x0000018fcddbd800,
0x0000018fcddbf000, 0x0000018fcddc5000, 0x0000018fcde0a000, 0x0000018fcde0d000,
0x0000018fce04e000, 0x0000018fce32e800, 0x0000018fcf282000, 0x0000018fceef9000,
0x0000018fceae1800, 0x0000018fceffb000, 0x0000018fcfaf3800, 0x0000018fd1d9b800,
0x0000018fd1d9f800, 0x0000018fd1d9e000, 0x0000018fd1d9c800, 0x0000018fd1da0800,
0x0000018fd1d9f000, 0x0000018fd1d9d000, 0x0000018fd1d9b000, 0x0000018fd1da1800,
0x0000018fd13c4000, 0x0000018fd13c6000, 0x0000018fd13c0000
}

Java Threads: ( => current thread )
  0x0000018fcdd61800 JavaThread "Reference Handler" daemon [_thread_blocked, id=6700, stack(0x0000001b99c00000,0x0000001b99d00000)]
  0x0000018fcdd62800 JavaThread "Finalizer" daemon [_thread_blocked, id=8616, stack(0x0000001b99d00000,0x0000001b99e00000)]
  0x0000018fcddbc800 JavaThread "Signal Dispatcher" daemon [_thread_blocked, id=7220, stack(0x0000001b99e00000,0x0000001b99f00000)]
  0x0000018fcddbd800 JavaThread "Attach Listener" daemon [_thread_blocked, id=3980, stack(0x0000001b99f00000,0x0000001b9a000000)]
  0x0000018fcddbf000 JavaThread "Service Thread" daemon [_thread_blocked, id=11000, stack(0x0000001b9a000000,0x0000001b9a100000)]
=>0x0000018fcddc5000 JavaThread "C2 CompilerThread0" daemon [_thread_in_native, id=4164, stack(0x0000001b9a100000,0x0000001b9a200000)]
  0x0000018fcde0a000 JavaThread "C1 CompilerThread0" daemon [_thread_blocked, id=13212, stack(0x0000001b9a200000,0x0000001b9a300000)]
  0x0000018fcde0d000 JavaThread "Sweeper thread" daemon [_thread_blocked, id=4540, stack(0x0000001b9a300000,0x0000001b9a400000)]
  0x0000018fce04e000 JavaThread "Common-Cleaner" daemon [_thread_blocked, id=12752, stack(0x0000001b9a400000,0x0000001b9a500000)]
  0x0000018fce32e800 JavaThread "Monitor Ctrl-Break" daemon [_thread_in_native, id=1356, stack(0x0000001b9a500000,0x0000001b9a600000)]
  0x0000018fcf282000 JavaThread "Catalina-utility-1" [_thread_blocked, id=13712, stack(0x0000001b9ac00000,0x0000001b9ad00000)]
  0x0000018fceef9000 JavaThread "Catalina-utility-2" [_thread_blocked, id=8676, stack(0x0000001b9ad00000,0x0000001b9ae00000)]
  0x0000018fceae1800 JavaThread "container-0" [_thread_blocked, id=9640, stack(0x0000001b9ae00000,0x0000001b9af00000)]
  0x0000018fceffb000 JavaThread "mysql-cj-abandoned-connection-cleanup" daemon [_thread_blocked, id=12112, stack(0x0000001b9af00000,0x0000001b9b000000)]
  0x0000018fcfaf3800 JavaThread "HikariPool-1 housekeeper" daemon [_thread_blocked, id=12040, stack(0x0000001b9b100000,0x0000001b9b200000)]
  0x0000018fd1d9b800 JavaThread "File Watcher" daemon [_thread_blocked, id=11308, stack(0x0000001b9b200000,0x0000001b9b300000)]
  0x0000018fd1d9f800 JavaThread "Live Reload Server" daemon [_thread_in_native, id=6920, stack(0x0000001b9b400000,0x0000001b9b500000)]
  0x0000018fd1d9e000 JavaThread "http-nio-8083-Poller" daemon [_thread_in_native, id=1724, stack(0x0000001b9b300000,0x0000001b9b400000)]
  0x0000018fd1d9c800 JavaThread "http-nio-8083-Acceptor" daemon [_thread_in_native, id=11624, stack(0x0000001b9b500000,0x0000001b9b600000)]
  0x0000018fd1da0800 JavaThread "DestroyJavaVM" [_thread_blocked, id=3476, stack(0x0000001b99500000,0x0000001b99600000)]
  0x0000018fd1d9f000 JavaThread "http-nio-8083-exec-1" daemon [_thread_blocked, id=13272, stack(0x0000001b99300000,0x0000001b99400000)]
  0x0000018fd1d9d000 JavaThread "http-nio-8083-exec-2" daemon [_thread_blocked, id=5744, stack(0x0000001b99400000,0x0000001b99500000)]
  0x0000018fd1d9b000 JavaThread "http-nio-8083-exec-3" daemon [_thread_blocked, id=10612, stack(0x0000001b9a900000,0x0000001b9aa00000)]
  0x0000018fd1da1800 JavaThread "http-nio-8083-exec-4" daemon [_thread_blocked, id=3432, stack(0x0000001b9aa00000,0x0000001b9ab00000)]
  0x0000018fd13c4000 JavaThread "http-nio-8083-exec-5" daemon [_thread_blocked, id=6736, stack(0x0000001b9a800000,0x0000001b9a900000)]
  0x0000018fd13c6000 JavaThread "http-nio-8083-exec-6" daemon [_thread_blocked, id=12596, stack(0x0000001b9ab00000,0x0000001b9ac00000)]
  0x0000018fd13c0000 JavaThread "http-nio-8083-exec-7" daemon [_thread_blocked, id=1124, stack(0x0000001b9b000000,0x0000001b9b100000)]

Other Threads:
  0x0000018fcdd3c800 VMThread "VM Thread" [stack: 0x0000001b99b00000,0x0000001b99c00000] [id=10992]
  0x0000018fce4b9800 WatcherThread [stack: 0x0000001b9a600000,0x0000001b9a700000] [id=10156]
  0x0000018fb1c8a000 GCTaskThread "GC Thread#0" [stack: 0x0000001b99600000,0x0000001b99700000] [id=4880]
  0x0000018fce519000 GCTaskThread "GC Thread#1" [stack: 0x0000001b9a700000,0x0000001b9a800000] [id=10668]
  0x0000018fb1ca3000 ConcurrentGCThread "G1 Main Marker" [stack: 0x0000001b99700000,0x0000001b99800000] [id=9856]
  0x0000018fb1ca6800 ConcurrentGCThread "G1 Conc#0" [stack: 0x0000001b99800000,0x0000001b99900000] [id=12184]
  0x0000018fb1ce3000 ConcurrentGCThread "G1 Refine#0" [stack: 0x0000001b99900000,0x0000001b99a00000] [id=8988]
  0x0000018fb1ce5800 ConcurrentGCThread "G1 Young RemSet Sampling" [stack: 0x0000001b99a00000,0x0000001b99b00000] [id=6944]

Threads with active compile tasks:
C2 CompilerThread02889388 5665       4       java.util.concurrent.locks.AbstractQueuedSynchronizer$ConditionObject::awaitNanos (181 bytes)

VM state:not at safepoint (normal execution)

VM Mutex/Monitor currently owned by a thread: None

Heap address: 0x00000000c6e00000, size: 914 MB, Compressed Oops mode: 32-bit
Narrow klass base: 0x0000000000000000, Narrow klass shift: 3
Compressed class space size: 1073741824 Address: 0x0000000100000000

Heap:
 garbage-first heap   total 59392K, used 35857K [0x00000000c6e00000, 0x0000000100000000)
  region size 1024K, 14 young (14336K), 2 survivors (2048K)
 Metaspace       used 65560K, capacity 67159K, committed 67328K, reserved 1107968K
  class space    used 8195K, capacity 8845K, committed 8960K, reserved 1048576K
Heap Regions: E=young(eden), S=young(survivor), O=old, HS=humongous(starts), HC=humongous(continues), CS=collection set, F=free, A=archive, TAMS=top-at-mark-start (previous, next)
|   0|0x00000000c6e00000, 0x00000000c6f00000, 0x00000000c6f00000|100%|HS|  |TAMS 0x00000000c6f00000, 0x00000000c6e00000| Complete 
|   1|0x00000000c6f00000, 0x00000000c7000000, 0x00000000c7000000|100%| O|  |TAMS 0x00000000c7000000, 0x00000000c6f00000| Untracked 
|   2|0x00000000c7000000, 0x00000000c7100000, 0x00000000c7100000|100%| O|  |TAMS 0x00000000c7100000, 0x00000000c7000000| Untracked 
|   3|0x00000000c7100000, 0x00000000c7200000, 0x00000000c7200000|100%| O|  |TAMS 0x00000000c7200000, 0x00000000c7100000| Untracked 
|   4|0x00000000c7200000, 0x00000000c7300000, 0x00000000c7300000|100%| O|  |TAMS 0x00000000c7300000, 0x00000000c7200000| Untracked 
|   5|0x00000000c7300000, 0x00000000c7400000, 0x00000000c7400000|100%| O|  |TAMS 0x00000000c7400000, 0x00000000c7300000| Untracked 
|   6|0x00000000c7400000, 0x00000000c7500000, 0x00000000c7500000|100%| O|  |TAMS 0x00000000c7500000, 0x00000000c7400000| Untracked 
|   7|0x00000000c7500000, 0x00000000c7600000, 0x00000000c7600000|100%| O|  |TAMS 0x00000000c7600000, 0x00000000c7500000| Untracked 
|   8|0x00000000c7600000, 0x00000000c7700000, 0x00000000c7700000|100%| O|  |TAMS 0x00000000c7700000, 0x00000000c7600000| Untracked 
|   9|0x00000000c7700000, 0x00000000c7800000, 0x00000000c7800000|100%| O|  |TAMS 0x00000000c7800000, 0x00000000c7700000| Untracked 
|  10|0x00000000c7800000, 0x00000000c7900000, 0x00000000c7900000|100%| O|  |TAMS 0x00000000c7900000, 0x00000000c7800000| Untracked 
|  11|0x00000000c7900000, 0x00000000c7a00000, 0x00000000c7a00000|100%| O|  |TAMS 0x00000000c7a00000, 0x00000000c7900000| Untracked 
|  12|0x00000000c7a00000, 0x00000000c7b00000, 0x00000000c7b00000|100%| O|  |TAMS 0x00000000c7b00000, 0x00000000c7a00000| Untracked 
|  13|0x00000000c7b00000, 0x00000000c7c00000, 0x00000000c7c00000|100%| O|  |TAMS 0x00000000c7c00000, 0x00000000c7b00000| Untracked 
|  14|0x00000000c7c00000, 0x00000000c7d00000, 0x00000000c7d00000|100%| O|  |TAMS 0x00000000c7d00000, 0x00000000c7c00000| Untracked 
|  15|0x00000000c7d00000, 0x00000000c7e00000, 0x00000000c7e00000|100%| O|  |TAMS 0x00000000c7e00000, 0x00000000c7d00000| Untracked 
|  16|0x00000000c7e00000, 0x00000000c7f00000, 0x00000000c7f00000|100%| O|  |TAMS 0x00000000c7f00000, 0x00000000c7e00000| Untracked 
|  17|0x00000000c7f00000, 0x00000000c8000000, 0x00000000c8000000|100%| O|  |TAMS 0x00000000c8000000, 0x00000000c7f00000| Untracked 
|  18|0x00000000c8000000, 0x00000000c8100000, 0x00000000c8100000|100%| O|  |TAMS 0x00000000c807d400, 0x00000000c8000000| Untracked 
|  19|0x00000000c8100000, 0x00000000c8200000, 0x00000000c8200000|100%| O|  |TAMS 0x00000000c8100000, 0x00000000c8100000| Untracked 
|  20|0x00000000c8200000, 0x00000000c8300000, 0x00000000c8300000|100%| O|  |TAMS 0x00000000c8200000, 0x00000000c8200000| Untracked 
|  21|0x00000000c8300000, 0x00000000c8400000, 0x00000000c8400000|100%| O|  |TAMS 0x00000000c8300000, 0x00000000c8300000| Untracked 
|  22|0x00000000c8400000, 0x00000000c841d000, 0x00000000c8500000| 11%| O|  |TAMS 0x00000000c8400000, 0x00000000c8400000| Untracked 
|  23|0x00000000c8500000, 0x00000000c8500000, 0x00000000c8600000|  0%| F|  |TAMS 0x00000000c8500000, 0x00000000c8500000| Untracked 
|  24|0x00000000c8600000, 0x00000000c8600000, 0x00000000c8700000|  0%| F|  |TAMS 0x00000000c8600000, 0x00000000c8600000| Untracked 
|  25|0x00000000c8700000, 0x00000000c8700000, 0x00000000c8800000|  0%| F|  |TAMS 0x00000000c8700000, 0x00000000c8700000| Untracked 
|  26|0x00000000c8800000, 0x00000000c8800000, 0x00000000c8900000|  0%| F|  |TAMS 0x00000000c8800000, 0x00000000c8800000| Untracked 
|  27|0x00000000c8900000, 0x00000000c8900000, 0x00000000c8a00000|  0%| F|  |TAMS 0x00000000c8900000, 0x00000000c8900000| Untracked 
|  28|0x00000000c8a00000, 0x00000000c8a00000, 0x00000000c8b00000|  0%| F|  |TAMS 0x00000000c8a00000, 0x00000000c8a00000| Untracked 
|  29|0x00000000c8b00000, 0x00000000c8b00000, 0x00000000c8c00000|  0%| F|  |TAMS 0x00000000c8b00000, 0x00000000c8b00000| Untracked 
|  30|0x00000000c8c00000, 0x00000000c8c00000, 0x00000000c8d00000|  0%| F|  |TAMS 0x00000000c8c00000, 0x00000000c8c00000| Untracked 
|  31|0x00000000c8d00000, 0x00000000c8d00000, 0x00000000c8e00000|  0%| F|  |TAMS 0x00000000c8d00000, 0x00000000c8d00000| Untracked 
|  32|0x00000000c8e00000, 0x00000000c8e00000, 0x00000000c8f00000|  0%| F|  |TAMS 0x00000000c8e00000, 0x00000000c8e00000| Untracked 
|  33|0x00000000c8f00000, 0x00000000c8fe7730, 0x00000000c9000000| 90%| S|CS|TAMS 0x00000000c8f00000, 0x00000000c8f00000| Complete 
|  34|0x00000000c9000000, 0x00000000c9100000, 0x00000000c9100000|100%| S|CS|TAMS 0x00000000c9000000, 0x00000000c9000000| Complete 
|  35|0x00000000c9100000, 0x00000000c9100000, 0x00000000c9200000|  0%| F|  |TAMS 0x00000000c9100000, 0x00000000c9100000| Untracked 
|  36|0x00000000c9200000, 0x00000000c9200000, 0x00000000c9300000|  0%| F|  |TAMS 0x00000000c9200000, 0x00000000c9200000| Untracked 
|  37|0x00000000c9300000, 0x00000000c9300000, 0x00000000c9400000|  0%| F|  |TAMS 0x00000000c9300000, 0x00000000c9300000| Untracked 
|  38|0x00000000c9400000, 0x00000000c9400000, 0x00000000c9500000|  0%| F|  |TAMS 0x00000000c9400000, 0x00000000c9400000| Untracked 
|  39|0x00000000c9500000, 0x00000000c9500000, 0x00000000c9600000|  0%| F|  |TAMS 0x00000000c9500000, 0x00000000c9500000| Untracked 
|  40|0x00000000c9600000, 0x00000000c9600000, 0x00000000c9700000|  0%| F|  |TAMS 0x00000000c9600000, 0x00000000c9600000| Untracked 
|  41|0x00000000c9700000, 0x00000000c9700000, 0x00000000c9800000|  0%| F|  |TAMS 0x00000000c9700000, 0x00000000c9700000| Untracked 
|  42|0x00000000c9800000, 0x00000000c9800000, 0x00000000c9900000|  0%| F|  |TAMS 0x00000000c9800000, 0x00000000c9800000| Untracked 
|  43|0x00000000c9900000, 0x00000000c9900000, 0x00000000c9a00000|  0%| F|  |TAMS 0x00000000c9900000, 0x00000000c9900000| Untracked 
|  44|0x00000000c9a00000, 0x00000000c9a00000, 0x00000000c9b00000|  0%| F|  |TAMS 0x00000000c9a00000, 0x00000000c9a00000| Untracked 
|  45|0x00000000c9b00000, 0x00000000c9b00000, 0x00000000c9c00000|  0%| F|  |TAMS 0x00000000c9b00000, 0x00000000c9b00000| Untracked 
|  46|0x00000000c9c00000, 0x00000000c9cbdcd8, 0x00000000c9d00000| 74%| E|  |TAMS 0x00000000c9c00000, 0x00000000c9c00000| Complete 
|  47|0x00000000c9d00000, 0x00000000c9e00000, 0x00000000c9e00000|100%| E|CS|TAMS 0x00000000c9d00000, 0x00000000c9d00000| Complete 
|  48|0x00000000c9e00000, 0x00000000c9f00000, 0x00000000c9f00000|100%| E|CS|TAMS 0x00000000c9e00000, 0x00000000c9e00000| Complete 
|  49|0x00000000c9f00000, 0x00000000ca000000, 0x00000000ca000000|100%| E|CS|TAMS 0x00000000c9f00000, 0x00000000c9f00000| Complete 
|  50|0x00000000ca000000, 0x00000000ca100000, 0x00000000ca100000|100%| E|CS|TAMS 0x00000000ca000000, 0x00000000ca000000| Complete 
|  51|0x00000000ca100000, 0x00000000ca200000, 0x00000000ca200000|100%| E|CS|TAMS 0x00000000ca100000, 0x00000000ca100000| Complete 
|  52|0x00000000ca200000, 0x00000000ca300000, 0x00000000ca300000|100%| E|CS|TAMS 0x00000000ca200000, 0x00000000ca200000| Complete 
|  53|0x00000000ca300000, 0x00000000ca400000, 0x00000000ca400000|100%| E|CS|TAMS 0x00000000ca300000, 0x00000000ca300000| Complete 
|  54|0x00000000ca400000, 0x00000000ca500000, 0x00000000ca500000|100%| E|CS|TAMS 0x00000000ca400000, 0x00000000ca400000| Complete 
|  55|0x00000000ca500000, 0x00000000ca600000, 0x00000000ca600000|100%| E|CS|TAMS 0x00000000ca500000, 0x00000000ca500000| Complete 
|  56|0x00000000ca600000, 0x00000000ca700000, 0x00000000ca700000|100%| E|CS|TAMS 0x00000000ca600000, 0x00000000ca600000| Complete 
|  57|0x00000000ca700000, 0x00000000ca800000, 0x00000000ca800000|100%| E|CS|TAMS 0x00000000ca700000, 0x00000000ca700000| Complete 

Card table byte_map: [0x0000018fb1a20000,0x0000018fb1bf0000] _byte_map_base: 0x0000018fb13e9000

Marking Bits (Prev, Next): (CMBitMap*) 0x0000018fb1c9ec60, (CMBitMap*) 0x0000018fb1c9ec28
 Prev Bits: [0x0000018fca3a0000, 0x0000018fcb1e8000)
 Next Bits: [0x0000018fc9550000, 0x0000018fca398000)

Polling page: 0x0000018fafb50000

Metaspace:

Usage:
  Non-class:     56.95 MB capacity,    56.02 MB ( 98%) used,   758.34 KB (  1%) free+waste,   190.69 KB ( <1%) overhead. 
      Class:      8.64 MB capacity,     8.00 MB ( 93%) used,   561.25 KB (  6%) free+waste,    88.06 KB ( <1%) overhead. 
       Both:     65.58 MB capacity,    64.02 MB ( 98%) used,     1.29 MB (  2%) free+waste,   278.75 KB ( <1%) overhead. 

Virtual space:
  Non-class space:       58.00 MB reserved,      57.00 MB ( 98%) committed 
      Class space:        1.00 GB reserved,       8.75 MB ( <1%) committed 
             Both:        1.06 GB reserved,      65.75 MB (  6%) committed 

Chunk freelists:
   Non-Class:  54.00 KB
       Class:  19.00 KB
        Both:  73.00 KB

MaxMetaspaceSize: 17179869184.00 GB
CompressedClassSpaceSize: 1.00 GB

CodeHeap 'non-profiled nmethods': size=120064Kb used=3393Kb max_used=3393Kb free=116671Kb
 bounds [0x0000018fc1e40000, 0x0000018fc21a0000, 0x0000018fc9380000]
CodeHeap 'profiled nmethods': size=120000Kb used=12855Kb max_used=12855Kb free=107144Kb
 bounds [0x0000018fba910000, 0x0000018fbb5a0000, 0x0000018fc1e40000]
CodeHeap 'non-nmethods': size=5696Kb used=1227Kb max_used=1260Kb free=4468Kb
 bounds [0x0000018fba380000, 0x0000018fba5f0000, 0x0000018fba910000]
 total_blobs=6228 nmethods=5613 adapters=527
 compilation: enabled
              stopped_count=0, restarted_count=0
 full_count=0

Compilation events (20 events):
Event: 2636.983 Thread 0x0000018fcde0a000 nmethod 5655 0x0000018fbb598910 code [0x0000018fbb598ac0, 0x0000018fbb598bb8]
Event: 2646.996 Thread 0x0000018fcde0a000 5656       3       org.apache.catalina.core.ContainerBase$ContainerBackgroundProcessor::run (9 bytes)
Event: 2646.997 Thread 0x0000018fcde0a000 nmethod 5656 0x0000018fbb598c90 code [0x0000018fbb598e40, 0x0000018fbb598f88]
Event: 2646.997 Thread 0x0000018fcde0a000 5657       3       org.apache.catalina.realm.RealmBase::backgroundProcess (1 bytes)
Event: 2646.998 Thread 0x0000018fcde0a000 nmethod 5657 0x0000018fbb599010 code [0x0000018fbb5991c0, 0x0000018fbb5992b8]
Event: 2646.998 Thread 0x0000018fcde0a000 5658   !   3       org.apache.catalina.core.StandardContext::backgroundProcess (203 bytes)
Event: 2647.006 Thread 0x0000018fcde0a000 nmethod 5658 0x0000018fbb599390 code [0x0000018fbb599760, 0x0000018fbb59b298]
Event: 2647.006 Thread 0x0000018fcde0a000 5659   !   3       org.apache.catalina.loader.WebappLoader::backgroundProcess (126 bytes)
Event: 2647.013 Thread 0x0000018fcde0a000 nmethod 5659 0x0000018fbb59bb90 code [0x0000018fbb59bea0, 0x0000018fbb59d268]
Event: 2657.085 Thread 0x0000018fcde0a000 5660       3       java.util.concurrent.ConcurrentHashMap::size (31 bytes)
Event: 2657.086 Thread 0x0000018fcde0a000 nmethod 5660 0x0000018fbb59d990 code [0x0000018fbb59db60, 0x0000018fbb59dd68]
Event: 2794.807 Thread 0x0000018fcddc5000 5661   !   4       sun.nio.ch.SelectorImpl::processDeregisterQueue (181 bytes)
Event: 2794.839 Thread 0x0000018fcddc5000 nmethod 5661 0x0000018fc218d490 code [0x0000018fc218d6e0, 0x0000018fc218dd10]
Event: 2798.854 Thread 0x0000018fcddc5000 5662   !   4       org.apache.tomcat.util.net.NioEndpoint$Poller::events (282 bytes)
Event: 2798.910 Thread 0x0000018fcddc5000 nmethod 5662 0x0000018fc218e310 code [0x0000018fc218e5a0, 0x0000018fc218ecd8]
Event: 2837.749 Thread 0x0000018fcddc5000 5663       4       java.util.concurrent.locks.AbstractQueuedSynchronizer::unparkSuccessor (84 bytes)
Event: 2837.756 Thread 0x0000018fcddc5000 nmethod 5663 0x0000018fc218f590 code [0x0000018fc218f740, 0x0000018fc218f868]
Event: 2843.855 Thread 0x0000018fcddc5000 5664       4       java.util.concurrent.locks.AbstractQueuedSynchronizer$ConditionObject::doSignal (43 bytes)
Event: 2843.899 Thread 0x0000018fcddc5000 nmethod 5664 0x0000018fc218fa10 code [0x0000018fc218fbc0, 0x0000018fc21901e8]
Event: 2887.750 Thread 0x0000018fcddc5000 5665       4       java.util.concurrent.locks.AbstractQueuedSynchronizer$ConditionObject::awaitNanos (181 bytes)

GC Heap History (20 events):
Event: 60.207 GC heap before
{Heap before GC invocations=16 (full 0):
 garbage-first heap   total 59392K, used 45134K [0x00000000c6e00000, 0x0000000100000000)
  region size 1024K, 34 young (34816K), 3 survivors (3072K)
 Metaspace       used 38311K, capacity 39386K, committed 39552K, reserved 1083392K
  class space    used 4488K, capacity 4945K, committed 4992K, reserved 1048576K
}
Event: 60.231 GC heap after
{Heap after GC invocations=17 (full 0):
 garbage-first heap   total 59392K, used 15224K [0x00000000c6e00000, 0x0000000100000000)
  region size 1024K, 4 young (4096K), 4 survivors (4096K)
 Metaspace       used 38311K, capacity 39386K, committed 39552K, reserved 1083392K
  class space    used 4488K, capacity 4945K, committed 4992K, reserved 1048576K
}
Event: 67.514 GC heap before
{Heap before GC invocations=17 (full 0):
 garbage-first heap   total 59392K, used 45944K [0x00000000c6e00000, 0x0000000100000000)
  region size 1024K, 34 young (34816K), 4 survivors (4096K)
 Metaspace       used 46040K, capacity 47198K, committed 47360K, reserved 1091584K
  class space    used 5592K, capacity 6077K, committed 6144K, reserved 1048576K
}
Event: 67.552 GC heap after
{Heap after GC invocations=18 (full 0):
 garbage-first heap   total 59392K, used 18169K [0x00000000c6e00000, 0x0000000100000000)
  region size 1024K, 5 young (5120K), 5 survivors (5120K)
 Metaspace       used 46040K, capacity 47198K, committed 47360K, reserved 1091584K
  class space    used 5592K, capacity 6077K, committed 6144K, reserved 1048576K
}
Event: 73.086 GC heap before
{Heap before GC invocations=18 (full 0):
 garbage-first heap   total 59392K, used 46841K [0x00000000c6e00000, 0x0000000100000000)
  region size 1024K, 33 young (33792K), 5 survivors (5120K)
 Metaspace       used 50315K, capacity 51524K, committed 51712K, reserved 1093632K
  class space    used 6156K, capacity 6640K, committed 6656K, reserved 1048576K
}
Event: 73.126 GC heap after
{Heap after GC invocations=19 (full 0):
 garbage-first heap   total 59392K, used 19161K [0x00000000c6e00000, 0x0000000100000000)
  region size 1024K, 2 young (2048K), 2 survivors (2048K)
 Metaspace       used 50315K, capacity 51524K, committed 51712K, reserved 1093632K
  class space    used 6156K, capacity 6640K, committed 6656K, reserved 1048576K
}
Event: 78.785 GC heap before
{Heap before GC invocations=19 (full 0):
 garbage-first heap   total 59392K, used 46809K [0x00000000c6e00000, 0x0000000100000000)
  region size 1024K, 29 young (29696K), 2 survivors (2048K)
 Metaspace       used 56597K, capacity 57893K, committed 58112K, reserved 1099776K
  class space    used 7078K, capacity 7588K, committed 7680K, reserved 1048576K
}
Event: 78.816 GC heap after
{Heap after GC invocations=20 (full 0):
 garbage-first heap   total 59392K, used 20158K [0x00000000c6e00000, 0x0000000100000000)
  region size 1024K, 3 young (3072K), 3 survivors (3072K)
 Metaspace       used 56597K, capacity 57893K, committed 58112K, reserved 1099776K
  class space    used 7078K, capacity 7588K, committed 7680K, reserved 1048576K
}
Event: 83.104 GC heap before
{Heap before GC invocations=20 (full 0):
 garbage-first heap   total 59392K, used 31422K [0x00000000c6e00000, 0x0000000100000000)
  region size 1024K, 15 young (15360K), 3 survivors (3072K)
 Metaspace       used 58844K, capacity 60127K, committed 60160K, reserved 1101824K
  class space    used 7393K, capacity 7929K, committed 7936K, reserved 1048576K
}
Event: 83.129 GC heap after
{Heap after GC invocations=21 (full 0):
 garbage-first heap   total 59392K, used 20885K [0x00000000c6e00000, 0x0000000100000000)
  region size 1024K, 2 young (2048K), 2 survivors (2048K)
 Metaspace       used 58844K, capacity 60127K, committed 60160K, reserved 1101824K
  class space    used 7393K, capacity 7929K, committed 7936K, reserved 1048576K
}
Event: 90.011 GC heap before
{Heap before GC invocations=22 (full 0):
 garbage-first heap   total 59392K, used 46485K [0x00000000c6e00000, 0x0000000100000000)
  region size 1024K, 27 young (27648K), 2 survivors (2048K)
 Metaspace       used 61132K, capacity 62573K, committed 62720K, reserved 1103872K
  class space    used 7736K, capacity 8327K, committed 8448K, reserved 1048576K
}
Event: 90.046 GC heap after
{Heap after GC invocations=23 (full 0):
 garbage-first heap   total 59392K, used 22899K [0x00000000c6e00000, 0x0000000100000000)
  region size 1024K, 4 young (4096K), 4 survivors (4096K)
 Metaspace       used 61132K, capacity 62573K, committed 62720K, reserved 1103872K
  class space    used 7736K, capacity 8327K, committed 8448K, reserved 1048576K
}
Event: 1591.165 GC heap before
{Heap before GC invocations=23 (full 0):
 garbage-first heap   total 59392K, used 46451K [0x00000000c6e00000, 0x0000000100000000)
  region size 1024K, 27 young (27648K), 4 survivors (4096K)
 Metaspace       used 62021K, capacity 63540K, committed 63872K, reserved 1103872K
  class space    used 7832K, capacity 8459K, committed 8576K, reserved 1048576K
}
Event: 1591.779 GC heap after
{Heap after GC invocations=24 (full 0):
 garbage-first heap   total 59392K, used 23273K [0x00000000c6e00000, 0x0000000100000000)
  region size 1024K, 1 young (1024K), 1 survivors (1024K)
 Metaspace       used 62021K, capacity 63540K, committed 63872K, reserved 1103872K
  class space    used 7832K, capacity 8459K, committed 8576K, reserved 1048576K
}
Event: 1663.102 GC heap before
{Heap before GC invocations=24 (full 0):
 garbage-first heap   total 59392K, used 24297K [0x00000000c6e00000, 0x0000000100000000)
  region size 1024K, 2 young (2048K), 1 survivors (1024K)
 Metaspace       used 62021K, capacity 63540K, committed 63872K, reserved 1103872K
  class space    used 7832K, capacity 8459K, committed 8576K, reserved 1048576K
}
Event: 1663.110 GC heap after
{Heap after GC invocations=25 (full 0):
 garbage-first heap   total 59392K, used 23033K [0x00000000c6e00000, 0x0000000100000000)
  region size 1024K, 1 young (1024K), 1 survivors (1024K)
 Metaspace       used 62021K, capacity 63540K, committed 63872K, reserved 1103872K
  class space    used 7832K, capacity 8459K, committed 8576K, reserved 1048576K
}
Event: 1867.611 GC heap before
{Heap before GC invocations=25 (full 0):
 garbage-first heap   total 59392K, used 44537K [0x00000000c6e00000, 0x0000000100000000)
  region size 1024K, 22 young (22528K), 1 survivors (1024K)
 Metaspace       used 62186K, capacity 63719K, committed 63872K, reserved 1103872K
  class space    used 7841K, capacity 8468K, committed 8576K, reserved 1048576K
}
Event: 1867.621 GC heap after
{Heap after GC invocations=26 (full 0):
 garbage-first heap   total 59392K, used 23453K [0x00000000c6e00000, 0x0000000100000000)
  region size 1024K, 1 young (1024K), 1 survivors (1024K)
 Metaspace       used 62186K, capacity 63719K, committed 63872K, reserved 1103872K
  class space    used 7841K, capacity 8468K, committed 8576K, reserved 1048576K
}
Event: 2100.441 GC heap before
{Heap before GC invocations=26 (full 0):
 garbage-first heap   total 59392K, used 44957K [0x00000000c6e00000, 0x0000000100000000)
  region size 1024K, 23 young (23552K), 1 survivors (1024K)
 Metaspace       used 65496K, capacity 66999K, committed 67200K, reserved 1107968K
  class space    used 8193K, capacity 8813K, committed 8832K, reserved 1048576K
}
Event: 2100.470 GC heap after
{Heap after GC invocations=27 (full 0):
 garbage-first heap   total 59392K, used 24593K [0x00000000c6e00000, 0x0000000100000000)
  region size 1024K, 2 young (2048K), 2 survivors (2048K)
 Metaspace       used 65496K, capacity 66999K, committed 67200K, reserved 1107968K
  class space    used 8193K, capacity 8813K, committed 8832K, reserved 1048576K
}

Deoptimization events (20 events):
Event: 2095.755 Thread 0x0000018fd1d9f000 DEOPT PACKING pc=0x0000018fbb164f97 sp=0x0000001b993fd180
Event: 2095.755 Thread 0x0000018fd1d9f000 DEOPT UNPACKING pc=0x0000018fba3a643f sp=0x0000001b993fc708 mode 0
Event: 2096.364 Thread 0x0000018fd1d9f000 Uncommon trap: trap_request=0xffffff4d fr.pc=0x0000018fc2092e00 relative=0x0000000000000060
Event: 2096.364 Thread 0x0000018fd1d9f000 Uncommon trap: reason=unstable_if action=reinterpret pc=0x0000018fc2092e00 method=java.lang.Class.getComponentType()Ljava/lang/Class; @ 4 c2
Event: 2096.364 Thread 0x0000018fd1d9f000 DEOPT PACKING pc=0x0000018fc2092e00 sp=0x0000001b993fda40
Event: 2096.364 Thread 0x0000018fd1d9f000 DEOPT UNPACKING pc=0x0000018fba3a6029 sp=0x0000001b993fd9d0 mode 2
Event: 2098.922 Thread 0x0000018fd1d9d000 Uncommon trap: trap_request=0xffffff4d fr.pc=0x0000018fc1f0ad78 relative=0x0000000000000058
Event: 2098.922 Thread 0x0000018fd1d9d000 Uncommon trap: reason=unstable_if action=reinterpret pc=0x0000018fc1f0ad78 method=java.util.Objects.equals(Ljava/lang/Object;Ljava/lang/Object;)Z @ 6 c2
Event: 2098.922 Thread 0x0000018fd1d9d000 DEOPT PACKING pc=0x0000018fc1f0ad78 sp=0x0000001b994fbf40
Event: 2098.922 Thread 0x0000018fd1d9d000 DEOPT UNPACKING pc=0x0000018fba3a6029 sp=0x0000001b994fbee0 mode 2
Event: 2099.490 Thread 0x0000018fd1d9d000 Uncommon trap: trap_request=0xffffffdc fr.pc=0x0000018fc217c2e0 relative=0x0000000000000220
Event: 2099.490 Thread 0x0000018fd1d9d000 Uncommon trap: reason=class_check action=make_not_entrant pc=0x0000018fc217c2e0 method=java.util.ArrayList.toArray([Ljava/lang/Object;)[Ljava/lang/Object; @ 21 c2
Event: 2099.491 Thread 0x0000018fd1d9d000 DEOPT PACKING pc=0x0000018fc217c2e0 sp=0x0000001b994fcb20
Event: 2099.491 Thread 0x0000018fd1d9d000 DEOPT UNPACKING pc=0x0000018fba3a6029 sp=0x0000001b994fcae0 mode 2
Event: 2099.602 Thread 0x0000018fd1d9d000 DEOPT PACKING pc=0x0000018fbb135de3 sp=0x0000001b994fcb60
Event: 2099.602 Thread 0x0000018fd1d9d000 DEOPT UNPACKING pc=0x0000018fba3a643f sp=0x0000001b994fc0a0 mode 0
Event: 2176.736 Thread 0x0000018fd13c4000 Uncommon trap: trap_request=0xffffff4d fr.pc=0x0000018fc2183f04 relative=0x0000000000001b04
Event: 2176.736 Thread 0x0000018fd13c4000 Uncommon trap: reason=unstable_if action=reinterpret pc=0x0000018fc2183f04 method=org.springframework.util.MimeTypeUtils.parseMimeTypeInternal(Ljava/lang/String;)Lorg/springframework/util/MimeType; @ 8 c2
Event: 2176.736 Thread 0x0000018fd13c4000 DEOPT PACKING pc=0x0000018fc2183f04 sp=0x0000001b9a8fd030
Event: 2176.736 Thread 0x0000018fd13c4000 DEOPT UNPACKING pc=0x0000018fba3a6029 sp=0x0000001b9a8fcfe8 mode 2

Classes redefined (0 events):
No events

Internal exceptions (20 events):
Event: 86.327 Thread 0x0000018fce034000 Exception <a 'java/lang/NoSuchMethodError'{0x00000000c9d7da70}: 'void java.lang.invoke.DirectMethodHandle$Holder.invokeVirtual(java.lang.Object, java.lang.Object, long)'> (0x00000000c9d7da70) thrown at [./src/hotspot/share/interpreter/linkResolver.cpp, line 773]
Event: 87.711 Thread 0x0000018fce034000 Exception <a 'java/lang/IncompatibleClassChangeError'{0x00000000c9367e48}: Found class java.lang.Object, but interface was expected> (0x00000000c9367e48) thrown at [./src/hotspot/share/interpreter/linkResolver.cpp, line 839]
Event: 90.500 Thread 0x0000018fce034000 Exception <a 'java/lang/NoSuchMethodError'{0x00000000ca7fc430}: 'java.lang.Object java.lang.invoke.DirectMethodHandle$Holder.invokeSpecial(java.lang.Object, java.lang.Object, int, java.lang.Object, int, java.lang.Object)'> (0x00000000ca7fc430) thrown at [./src/hotspot/share/interpreter/linkResolver.cpp, line 773]
Event: 90.503 Thread 0x0000018fce034000 Exception <a 'java/lang/NoSuchMethodError'{0x00000000ca604050}: 'java.lang.Object java.lang.invoke.DirectMethodHandle$Holder.invokeStatic(java.lang.Object, java.lang.Object, int, java.lang.Object, int)'> (0x00000000ca604050) thrown at [./src/hotspot/share/interpreter/linkResolver.cpp, line 773]
Event: 90.504 Thread 0x0000018fce034000 Exception <a 'java/lang/NoSuchMethodError'{0x00000000ca607830}: 'java.lang.Object java.lang.invoke.DirectMethodHandle$Holder.invokeSpecial(java.lang.Object, java.lang.Object, java.lang.Object, int, java.lang.Object, int)'> (0x00000000ca607830) thrown at [./src/hotspot/share/interpreter/linkResolver.cpp, line 773]
Event: 90.518 Thread 0x0000018fce034000 Exception <a 'java/lang/NoSuchMethodError'{0x00000000ca612c00}: 'void java.lang.invoke.DirectMethodHandle$Holder.invokeVirtual(java.lang.Object, java.lang.Object)'> (0x00000000ca612c00) thrown at [./src/hotspot/share/interpreter/linkResolver.cpp, line 773]
Event: 1842.140 Thread 0x0000018fd1d9b000 Exception <a 'java/net/SocketException'{0x00000000ca4950e8}: Software caused connection abort: socket write error> (0x00000000ca4950e8) thrown at [./src/hotspot/share/prims/jni.cpp, line 636]
Event: 1842.143 Thread 0x0000018fd1d9b000 Exception <a 'java/net/SocketException'{0x00000000ca495790}: Software caused connection abort: recv failed> (0x00000000ca495790) thrown at [./src/hotspot/share/prims/jni.cpp, line 636]
Event: 1842.304 Thread 0x0000018fd1d9b000 Exception <a 'java/net/SocketException'{0x00000000ca4970d8}: Software caused connection abort: socket write error> (0x00000000ca4970d8) thrown at [./src/hotspot/share/prims/jni.cpp, line 636]
Event: 1842.306 Thread 0x0000018fd1d9b000 Exception <a 'java/net/SocketException'{0x00000000ca4976f8}: Software caused connection abort: recv failed> (0x00000000ca4976f8) thrown at [./src/hotspot/share/prims/jni.cpp, line 636]
Event: 1852.183 Thread 0x0000018fd1d9d000 Exception <a 'java/net/SocketException'{0x00000000ca0a5070}: Software caused connection abort: socket write error> (0x00000000ca0a5070) thrown at [./src/hotspot/share/prims/jni.cpp, line 636]
Event: 1852.185 Thread 0x0000018fd1d9d000 Exception <a 'java/net/SocketException'{0x00000000ca0a5690}: Software caused connection abort: recv failed> (0x00000000ca0a5690) thrown at [./src/hotspot/share/prims/jni.cpp, line 636]
Event: 1856.105 Thread 0x0000018fd1d9d000 Exception <a 'java/net/SocketException'{0x00000000ca0a9d90}: Software caused connection abort: socket write error> (0x00000000ca0a9d90) thrown at [./src/hotspot/share/prims/jni.cpp, line 636]
Event: 1856.106 Thread 0x0000018fd1d9d000 Exception <a 'java/net/SocketException'{0x00000000ca0aa3b0}: Software caused connection abort: recv failed> (0x00000000ca0aa3b0) thrown at [./src/hotspot/share/prims/jni.cpp, line 636]
Event: 1861.682 Thread 0x0000018fd1d9b000 Exception <a 'java/net/SocketException'{0x00000000c96fd920}: Software caused connection abort: socket write error> (0x00000000c96fd920) thrown at [./src/hotspot/share/prims/jni.cpp, line 636]
Event: 1861.688 Thread 0x0000018fd1d9b000 Exception <a 'java/net/SocketException'{0x00000000c96fdf40}: Software caused connection abort: recv failed> (0x00000000c96fdf40) thrown at [./src/hotspot/share/prims/jni.cpp, line 636]
Event: 1867.468 Thread 0x0000018fd1d9b000 Exception <a 'java/net/SocketException'{0x00000000c93132d0}: Software caused connection abort: socket write error> (0x00000000c93132d0) thrown at [./src/hotspot/share/prims/jni.cpp, line 636]
Event: 1867.469 Thread 0x0000018fd1d9b000 Exception <a 'java/net/SocketException'{0x00000000c93138f0}: Software caused connection abort: recv failed> (0x00000000c93138f0) thrown at [./src/hotspot/share/prims/jni.cpp, line 636]
Event: 1868.163 Thread 0x0000018fd1d9b000 Exception <a 'java/net/SocketException'{0x00000000ca7496b8}: Software caused connection abort: socket write error> (0x00000000ca7496b8) thrown at [./src/hotspot/share/prims/jni.cpp, line 636]
Event: 1868.164 Thread 0x0000018fd1d9b000 Exception <a 'java/net/SocketException'{0x00000000ca749cd8}: Software caused connection abort: recv failed> (0x00000000ca749cd8) thrown at [./src/hotspot/share/prims/jni.cpp, line 636]

Events (20 events):
Event: 2176.896 loading class com/samskivert/mustache/Template
Event: 2176.896 loading class com/samskivert/mustache/Template done
Event: 2176.898 loading class com/samskivert/mustache$Template
Event: 2176.898 loading class com/samskivert/mustache$Template done
Event: 2176.901 loading class groovy/text/TemplateEngine
Event: 2176.901 loading class groovy/text/TemplateEngine done
Event: 2176.903 loading class groovy/text$TemplateEngine
Event: 2176.903 loading class groovy/text$TemplateEngine done
Event: 2176.907 loading class org/thymeleaf/spring5/SpringTemplateEngine
Event: 2176.907 loading class org/thymeleaf/spring5/SpringTemplateEngine done
Event: 2176.910 loading class org/thymeleaf/spring5$SpringTemplateEngine
Event: 2176.910 loading class org/thymeleaf/spring5$SpringTemplateEngine done
Event: 2176.913 loading class org/apache/jasper/compiler/JspConfig
Event: 2176.913 loading class org/apache/jasper/compiler/JspConfig done
Event: 2176.915 loading class org/apache/jasper/compiler$JspConfig
Event: 2176.915 loading class org/apache/jasper/compiler$JspConfig done
Event: 2179.677 Thread 0x0000018fd13c6000 Thread added: 0x0000018fd13c6000
Event: 2179.678 Thread 0x0000018fd13c0000 Thread added: 0x0000018fd13c0000
Event: 2179.682 Executing VM operation: RevokeBias
Event: 2179.682 Executing VM operation: RevokeBias done


Dynamic libraries:
0x00007ff763140000 - 0x00007ff76314d000 	C:\Program Files\AdoptOpenJDK\jdk-11.0.11.9-hotspot\bin\java.exe
0x00007ffff28d0000 - 0x00007ffff2ac5000 	C:\WINDOWS\SYSTEM32\ntdll.dll
0x00007ffff2130000 - 0x00007ffff21ee000 	C:\WINDOWS\System32\KERNEL32.DLL
0x00007ffff0300000 - 0x00007ffff05c8000 	C:\WINDOWS\System32\KERNELBASE.dll
0x00007ffff0820000 - 0x00007ffff0920000 	C:\WINDOWS\System32\ucrtbase.dll
0x00007fffead60000 - 0x00007fffead77000 	C:\Program Files\AdoptOpenJDK\jdk-11.0.11.9-hotspot\bin\jli.dll
0x00007ffff1090000 - 0x00007ffff1230000 	C:\WINDOWS\System32\USER32.dll
0x00007ffff0160000 - 0x00007ffff0182000 	C:\WINDOWS\System32\win32u.dll
0x00007ffff1590000 - 0x00007ffff15bb000 	C:\WINDOWS\System32\GDI32.dll
0x00007fffeffe0000 - 0x00007ffff00ed000 	C:\WINDOWS\System32\gdi32full.dll
0x00007ffff05d0000 - 0x00007ffff066d000 	C:\WINDOWS\System32\msvcp_win.dll
0x00007fffeb470000 - 0x00007fffeb485000 	C:\Program Files\AdoptOpenJDK\jdk-11.0.11.9-hotspot\bin\VCRUNTIME140.dll
0x00007fffef470000 - 0x00007fffef70a000 	C:\WINDOWS\WinSxS\amd64_microsoft.windows.common-controls_6595b64144ccf1df_6.0.19041.1110_none_60b5254171f9507e\COMCTL32.dll
0x00007ffff17b0000 - 0x00007ffff184e000 	C:\WINDOWS\System32\msvcrt.dll
0x00007ffff1050000 - 0x00007ffff1080000 	C:\WINDOWS\System32\IMM32.DLL
0x00007fffd7180000 - 0x00007fffd721b000 	C:\Program Files\AdoptOpenJDK\jdk-11.0.11.9-hotspot\bin\msvcp140.dll
0x00007fffbd9c0000 - 0x00007fffbe50b000 	C:\Program Files\AdoptOpenJDK\jdk-11.0.11.9-hotspot\bin\server\jvm.dll
0x00007ffff0920000 - 0x00007ffff09ce000 	C:\WINDOWS\System32\ADVAPI32.dll
0x00007ffff27f0000 - 0x00007ffff288c000 	C:\WINDOWS\System32\sechost.dll
0x00007ffff0f20000 - 0x00007ffff1045000 	C:\WINDOWS\System32\RPCRT4.dll
0x00007ffff2120000 - 0x00007ffff2128000 	C:\WINDOWS\System32\PSAPI.DLL
0x00007fffedd50000 - 0x00007fffedd59000 	C:\WINDOWS\SYSTEM32\WSOCK32.dll
0x00007ffff09d0000 - 0x00007ffff0a3b000 	C:\WINDOWS\System32\WS2_32.dll
0x00007fffe4510000 - 0x00007fffe4537000 	C:\WINDOWS\SYSTEM32\WINMM.dll
0x00007fffe5500000 - 0x00007fffe550a000 	C:\WINDOWS\SYSTEM32\VERSION.dll
0x00007fffed010000 - 0x00007fffed022000 	C:\WINDOWS\SYSTEM32\kernel.appcore.dll
0x00007fffec670000 - 0x00007fffec680000 	C:\Program Files\AdoptOpenJDK\jdk-11.0.11.9-hotspot\bin\verify.dll
0x00007fffef940000 - 0x00007fffefb24000 	C:\WINDOWS\SYSTEM32\DBGHELP.DLL
0x00007fffef8d0000 - 0x00007fffef8fc000 	C:\WINDOWS\SYSTEM32\dbgcore.DLL
0x00007ffff0270000 - 0x00007ffff02f2000 	C:\WINDOWS\System32\bcryptPrimitives.dll
0x00007fffe97f0000 - 0x00007fffe9818000 	C:\Program Files\AdoptOpenJDK\jdk-11.0.11.9-hotspot\bin\java.dll
0x00007fffebe50000 - 0x00007fffebe5a000 	C:\Program Files\AdoptOpenJDK\jdk-11.0.11.9-hotspot\bin\jimage.dll
0x00007fffead50000 - 0x00007fffead5e000 	C:\Program Files\AdoptOpenJDK\jdk-11.0.11.9-hotspot\bin\instrument.dll
0x00007fffe9700000 - 0x00007fffe9717000 	C:\Program Files\AdoptOpenJDK\jdk-11.0.11.9-hotspot\bin\zip.dll
0x00007ffff1850000 - 0x00007ffff1f94000 	C:\WINDOWS\System32\SHELL32.dll
0x00007fffed3f0000 - 0x00007fffedb84000 	C:\WINDOWS\SYSTEM32\windows.storage.dll
0x00007ffff1230000 - 0x00007ffff1585000 	C:\WINDOWS\System32\combase.dll
0x00007fffef1b0000 - 0x00007fffef1de000 	C:\WINDOWS\SYSTEM32\Wldp.dll
0x00007ffff2740000 - 0x00007ffff27ed000 	C:\WINDOWS\System32\SHCORE.dll
0x00007ffff1620000 - 0x00007ffff1675000 	C:\WINDOWS\System32\shlwapi.dll
0x00007fffeff20000 - 0x00007fffeff3f000 	C:\WINDOWS\SYSTEM32\profapi.dll
0x00007fffe8570000 - 0x00007fffe8589000 	C:\Program Files\AdoptOpenJDK\jdk-11.0.11.9-hotspot\bin\net.dll
0x00007fffe4b10000 - 0x00007fffe4c1c000 	C:\WINDOWS\SYSTEM32\WINHTTP.dll
0x00007fffef020000 - 0x00007fffef08a000 	C:\WINDOWS\system32\mswsock.dll
0x00007fffe8550000 - 0x00007fffe8562000 	C:\Program Files\AdoptOpenJDK\jdk-11.0.11.9-hotspot\bin\nio.dll
0x00007fffe32f0000 - 0x00007fffe330a000 	C:\Users\maite\Downloads\SistemaHorarios\IntelliJ IDEA Community Edition 2020.3.2\bin\breakgen64.dll
0x00007fffe97e0000 - 0x00007fffe97e9000 	C:\Program Files\AdoptOpenJDK\jdk-11.0.11.9-hotspot\bin\management.dll
0x00007fffe96f0000 - 0x00007fffe96fb000 	C:\Program Files\AdoptOpenJDK\jdk-11.0.11.9-hotspot\bin\management_ext.dll
0x00007fffd6d10000 - 0x00007fffd6d27000 	C:\WINDOWS\system32\napinsp.dll
0x00007fffd6cf0000 - 0x00007fffd6d0b000 	C:\WINDOWS\system32\pnrpnsp.dll
0x00007fffd6cd0000 - 0x00007fffd6ce5000 	C:\WINDOWS\system32\wshbth.dll
0x00007fffead00000 - 0x00007fffead1d000 	C:\WINDOWS\system32\NLAapi.dll
0x00007fffeed30000 - 0x00007fffeed6b000 	C:\WINDOWS\SYSTEM32\IPHLPAPI.DLL
0x00007fffeedd0000 - 0x00007fffeee9b000 	C:\WINDOWS\SYSTEM32\DNSAPI.dll
0x00007ffff0dc0000 - 0x00007ffff0dc8000 	C:\WINDOWS\System32\NSI.dll
0x00007fffd6cb0000 - 0x00007fffd6cc2000 	C:\WINDOWS\System32\winrnr.dll
0x00007fffe54f0000 - 0x00007fffe54fa000 	C:\Windows\System32\rasadhlp.dll
0x00007fffe4660000 - 0x00007fffe46df000 	C:\WINDOWS\System32\fwpuclnt.dll
0x00007ffff0240000 - 0x00007ffff0267000 	C:\WINDOWS\System32\bcrypt.dll
0x00007fffefc90000 - 0x00007fffefca8000 	C:\WINDOWS\SYSTEM32\CRYPTSP.dll
0x00007fffee9e0000 - 0x00007fffeea14000 	C:\WINDOWS\system32\rsaenh.dll
0x00007fffefe90000 - 0x00007fffefebe000 	C:\WINDOWS\SYSTEM32\USERENV.dll
0x00007fffef290000 - 0x00007fffef29c000 	C:\WINDOWS\SYSTEM32\CRYPTBASE.dll
0x00007fffe80f0000 - 0x00007fffe8107000 	C:\WINDOWS\SYSTEM32\dhcpcsvc6.DLL
0x00007fffe85e0000 - 0x00007fffe85fd000 	C:\WINDOWS\SYSTEM32\dhcpcsvc.DLL
0x00007fffe5540000 - 0x00007fffe554e000 	C:\Program Files\AdoptOpenJDK\jdk-11.0.11.9-hotspot\bin\sunmscapi.dll
0x00007ffff0670000 - 0x00007ffff07c6000 	C:\WINDOWS\System32\CRYPT32.dll
0x00007fffef350000 - 0x00007fffef377000 	C:\WINDOWS\SYSTEM32\ncrypt.dll
0x00007fffef310000 - 0x00007fffef34b000 	C:\WINDOWS\SYSTEM32\NTASN1.dll
0x00007fffe2520000 - 0x00007fffe2545000 	C:\Program Files\AdoptOpenJDK\jdk-11.0.11.9-hotspot\bin\sunec.dll

dbghelp: loaded successfully - version: 4.0.5 - missing functions: none
symbol engine: initialized successfully - sym options: 0x614 - pdb path: .;C:\Program Files\AdoptOpenJDK\jdk-11.0.11.9-hotspot\bin;C:\WINDOWS\SYSTEM32;C:\WINDOWS\WinSxS\amd64_microsoft.windows.common-controls_6595b64144ccf1df_6.0.19041.1110_none_60b5254171f9507e;C:\Program Files\AdoptOpenJDK\jdk-11.0.11.9-hotspot\bin\server;C:\Users\maite\Downloads\SistemaHorarios\IntelliJ IDEA Community Edition 2020.3.2\bin

VM Arguments:
jvm_args: -javaagent:C:\Users\maite\Downloads\SistemaHorarios\IntelliJ IDEA Community Edition 2020.3.2\lib\idea_rt.jar=61710:C:\Users\maite\Downloads\SistemaHorarios\IntelliJ IDEA Community Edition 2020.3.2\bin -Dfile.encoding=UTF-8 
java_command: com.alkemy.pelicula.pelicula.PeliculaApplication
java_class_path (initial): C:\workspace\Alkemy\pelicula-Disney\target\classes;C:\Users\maite\.m2\repository\org\springframework\boot\spring-boot-starter-data-jpa\2.5.9\spring-boot-starter-data-jpa-2.5.9.jar;C:\Users\maite\.m2\repository\org\springframework\boot\spring-boot-starter-aop\2.5.9\spring-boot-starter-aop-2.5.9.jar;C:\Users\maite\.m2\repository\org\springframework\spring-aop\5.3.15\spring-aop-5.3.15.jar;C:\Users\maite\.m2\repository\org\aspectj\aspectjweaver\1.9.7\aspectjweaver-1.9.7.jar;C:\Users\maite\.m2\repository\org\springframework\boot\spring-boot-starter-jdbc\2.5.9\spring-boot-starter-jdbc-2.5.9.jar;C:\Users\maite\.m2\repository\com\zaxxer\HikariCP\4.0.3\HikariCP-4.0.3.jar;C:\Users\maite\.m2\repository\org\springframework\spring-jdbc\5.3.15\spring-jdbc-5.3.15.jar;C:\Users\maite\.m2\repository\jakarta\transaction\jakarta.transaction-api\1.3.3\jakarta.transaction-api-1.3.3.jar;C:\Users\maite\.m2\repository\jakarta\persistence\jakarta.persistence-api\2.2.3\jakarta.persistence-api-2.2.3.jar;C:\Users\maite\.m2\repository\org\hibernate\hibernate-core\5.4.33\hibernate-core-5.4.33.jar;C:\Users\maite\.m2\repository\org\jboss\logging\jboss-logging\3.4.3.Final\jboss-logging-3.4.3.Final.jar;C:\Users\maite\.m2\repository\org\javassist\javassist\3.27.0-GA\javassist-3.27.0-GA.jar;C:\Users\maite\.m2\repository\net\bytebuddy\byte-buddy\1.10.22\byte-buddy-1.10.22.jar;C:\Users\maite\.m2\repository\antlr\antlr\2.7.7\antlr-2.7.7.jar;C:\Users\maite\.m2\repository\org\jboss\jandex\2.2.3.Final\jandex-2.2.3.Final.jar;C:\Users\maite\.m2\repository\com\fasterxml\classmate\1.5.1\classmate-1.5.1.jar;C:\Users\maite\.m2\repository\org\dom4j\dom4j\2.1.3\dom4j-2.1.3.jar;C:\Users\maite\.m2\repository\org\hibernate\common\hibernate-commons-annotations\5.1.2.Final\hibernate-commons-annotations-5.1.2.Final.jar;C:\Users\maite\.m2\repository\org\glassfish\jaxb\jaxb-runtime\2.3.5\jaxb-runtime-2.3.5.jar;C:\Users\maite\.m2\repository\org\glassfish\jaxb\txw2\2.3.5\txw2-2.3.5.jar;C:\Users\ma
Launcher Type: SUN_STANDARD

[Global flags]
     intx CICompilerCount                          = 2                                         {product} {ergonomic}
     uint ConcGCThreads                            = 1                                         {product} {ergonomic}
     uint G1ConcRefinementThreads                  = 2                                         {product} {ergonomic}
   size_t G1HeapRegionSize                         = 1048576                                   {product} {ergonomic}
    uintx GCDrainStackTargetSize                   = 64                                        {product} {ergonomic}
   size_t InitialHeapSize                          = 60817408                                  {product} {ergonomic}
   size_t MarkStackSize                            = 4194304                                   {product} {ergonomic}
   size_t MaxHeapSize                              = 958398464                                 {product} {ergonomic}
   size_t MaxNewSize                               = 574619648                                 {product} {ergonomic}
   size_t MinHeapDeltaBytes                        = 1048576                                   {product} {ergonomic}
    uintx NonNMethodCodeHeapSize                   = 5825164                                {pd product} {ergonomic}
    uintx NonProfiledCodeHeapSize                  = 122916538                              {pd product} {ergonomic}
    uintx ProfiledCodeHeapSize                     = 122916538                              {pd product} {ergonomic}
    uintx ReservedCodeCacheSize                    = 251658240                              {pd product} {ergonomic}
     bool SegmentedCodeCache                       = true                                      {product} {ergonomic}
     bool UseCompressedClassPointers               = true                                 {lp64_product} {ergonomic}
     bool UseCompressedOops                        = true                                 {lp64_product} {ergonomic}
     bool UseG1GC                                  = true                                      {product} {ergonomic}
     bool UseLargePagesIndividualAllocation        = false                                  {pd product} {ergonomic}

Logging:
Log output configuration:
 #0: stdout all=warning uptime,level,tags
 #1: stderr all=off uptime,level,tags

Environment Variables:
JAVA_HOME=C:\Program Files\AdoptOpenJDK\jdk-11.0.11.9-hotspot\
PATH=C:\Program Files\AdoptOpenJDK\jdk-11.0.11.9-hotspot\bin;C:\WINDOWS\system32;C:\WINDOWS;C:\WINDOWS\System32\Wbem;C:\WINDOWS\System32\WindowsPowerShell\v1.0\;C:\WINDOWS\System32\OpenSSH\;C:\Program Files (x86)\ATI Technologies\ATI.ACE\Core-Static;C:\Program Files\Git\cmd;C:\xampp\php;C:\ProgramData\ComposerSetup\bin;C:\Program Files\nodejs\;C:\ProgramData\chocolatey\bin;C:\Program Files\dotnet\;C:\Program Files\Microsoft SQL Server\120\Tools\Binn\;C:\Program Files\Microsoft SQL Server\Client SDK\ODBC\110\Tools\Binn\;C:\Program Files (x86)\Microsoft SQL Server\120\Tools\Binn\;C:\Program Files\Microsoft SQL Server\120\DTS\Binn\;C:\Program Files (x86)\Microsoft SQL Server\120\Tools\Binn\ManagementStudio\;C:\Program Files (x86)\Microsoft SQL Server\120\DTS\Binn\;C:\Program Files\Microsoft SQL Server\130\Tools\Binn\;C:\Program Files\Microsoft SQL Server\Client SDK\ODBC\170\Tools\Binn\;C:\Users\maite\AppData\Local\Microsoft\WindowsApps;C:\Users\maite\AppData\Roaming\Composer\vendor\bin;C:\Users\maite\AppData\Local\Programs\Microsoft VS Code\bin;C:\Users\maite\AppData\Roaming\npm;C:\Users\maite\.dotnet\tools;C:\Program Files\MongoDB\Server\4.4\bin;C:\Program Files\heroku\bin
USERNAME=maite
OS=Windows_NT
PROCESSOR_IDENTIFIER=AMD64 Family 20 Model 2 Stepping 0, AuthenticAMD



---------------  S Y S T E M  ---------------

OS: Windows 10 , 64 bit Build 19041 (10.0.19041.1503)
OS uptime: 3 days 21:44 hours

CPU:total 2 (initial active 2) (2 cores per cpu, 1 threads per core) family 20 model 2 stepping 0 microcode 0x0, cmov, cx8, fxsr, mmx, sse, sse2, sse3, ssse3, popcnt, mmxext, lzcnt, sse4a, tsc, tscinvbit, tscinv

Memory: 4k page, system-wide physical 3654M (487M free)
TotalPageFile size 14918M (AvailPageFile size 1M)
current process WorkingSet (physical memory assigned to process): 130M, peak: 213M
current process commit charge ("private bytes"): 228M, peak: 244M

vm_info: OpenJDK 64-Bit Server VM (11.0.11+9) for windows-amd64 JRE (11.0.11+9), built on Apr 20 2021 21:22:09 by "" with MS VC++ 15.9 (VS2017)

END.
